
Xvnc TigerVNC 1.13.1 - built 2024-04-01 08:26
Copyright (C) 1999-2022 TigerVNC Team and many others (see README.rst)
See https://www.tigervnc.org for information on TigerVNC.
Underlying X server release 12101011


Sat Jul 19 13:18:47 2025
 vncext:      VNC extension running!
 vncext:      Listening for VNC connections on all interface(s), port 5901
 vncext:      created VNC server for screen 0
3NI3X0 New Xtigervnc server 'controlplane:1 (root)' on port 5901 for display :1.
3NI3X0 Use xtigervncviewer -SecurityTypes None controlplane:1 to connect to the VNC server.
/usr/bin/startxfce4: X server already running on display :1
The XKEYBOARD keymap compiler (xkbcomp) reports:
> Warning:          Could not resolve keysym XF86CameraAccessEnable
> Warning:          Could not resolve keysym XF86CameraAccessDisable
> Warning:          Could not resolve keysym XF86CameraAccessToggle
> Warning:          Could not resolve keysym XF86NextElement
> Warning:          Could not resolve keysym XF86PreviousElement
> Warning:          Could not resolve keysym XF86AutopilotEngageToggle
> Warning:          Could not resolve keysym XF86MarkWaypoint
> Warning:          Could not resolve keysym XF86Sos
> Warning:          Could not resolve keysym XF86NavChart
> Warning:          Could not resolve keysym XF86FishingChart
> Warning:          Could not resolve keysym XF86SingleRangeRadar
> Warning:          Could not resolve keysym XF86DualRangeRadar
> Warning:          Could not resolve keysym XF86RadarOverlay
> Warning:          Could not resolve keysym XF86TraditionalSonar
> Warning:          Could not resolve keysym XF86ClearvuSonar
> Warning:          Could not resolve keysym XF86SidevuSonar
> Warning:          Could not resolve keysym XF86NavInfo
Errors from xkbcomp are not fatal to the X server
[mi] mieq: warning: overriding existing handler (nil) with 0x5a11702d0580 for event 2
[mi] mieq: warning: overriding existing handler (nil) with 0x5a11702d0580 for event 3
error: XDG_RUNTIME_DIR is invalid or not set in the environment.
gpg-agent[39047]: directory '/root/.gnupg' created
gpg-agent[39047]: directory '/root/.gnupg/private-keys-v1.d' created
gpg-agent[39048]: gpg-agent (GnuPG) 2.4.4 started
error: XDG_RUNTIME_DIR is invalid or not set in the environment.

(xfwm4:39049): xfwm4-WARNING **: 13:18:48.516: Unsupported GL renderer (llvmpipe (LLVM 19.1.1, 256 bits)).
Connection failure: Connection refused
pa_context_connect() failed: Connection refused

** (light-locker:39090): ERROR **: 13:18:49.271: session_id is not set, is /proc mounted with hidepid>0?
xfce4-panel-Message: 13:18:49.396: Plugin "(null)-4" was not found and has been removed from the configuration

(polkit-gnome-authentication-agent-1:39100): polkit-gnome-1-WARNING **: 13:18:49.420: Unable to determine the session we are in: No session for pid 39100

** (xiccd:39093): WARNING **: 13:18:49.963: EDID is empty
Xlib:  extension "DPMS" missing on display ":1.0".

(xfce4-power-manager:39133): xfce4-power-manager-WARNING **: 13:18:50.323: Monitor is not DPMS capable
xfce4-panel-Message: 13:18:52.521: Plugin "(null)-19" was not found and has been removed from the configuration

(wrapper-2.0:39174): xfce4-power-manager-plugin-WARNING **: 13:18:53.428: Xfce4-power-manager: The panel plugin is present, so the tray icon gets disabled.
Killing Xtigervnc process ID 39001...
(xfce4-power-manager:39133): libxfce4ui-WARNING **: 13:29:21.218: ICE I/O Error

(xfce4-power-manager:39133): libxfce4ui-WARNING **: 13:29:21.218: Disconnected from session manager.
xfsettingsd: Another instance took over. Leaving...

(Thunar:39078): thunar-WARNING **: 13:29:21.226: Name 'org.xfce.FileManager' lost on the message dbus.

(Thunar:39078): thunar-WARNING **: 13:29:21.226: Name 'org.freedesktop.FileManager1' lost on the message dbus.
Another notification daemon is running, exiting
Another notification daemon is running, exiting

** (xiccd:39093): WARNING **: 13:29:21.236: Exiting

** (xfce4-power-manager:39133): WARNING **: 13:29:21.242: Error: The connection is closed


** (xfce4-power-manager:39133): WARNING **: 13:29:21.242: Error: The connection is closed

XIO:  fatal IO error 25 (Inappropriate ioctl for device) on X server ":1.0"
      after 25 requests (25 known processed) with 0 events remaining.

Sat Jul 19 13:29:21 2025
 ComparingUpdateTracker: 0 pixels in / 0 pixels out
 ComparingUpdateTracker: (1:-nan ratio)
 success!

Xvnc TigerVNC 1.13.1 - built 2024-04-01 08:26
Copyright (C) 1999-2022 TigerVNC Team and many others (see README.rst)
See https://www.tigervnc.org for information on TigerVNC.
Underlying X server release 12101011


Sat Aug  2 11:40:58 2025
 vncext:      VNC extension running!
 vncext:      Listening for VNC connections on all interface(s), port 5901
 vncext:      created VNC server for screen 0
3NI3X0 New Xtigervnc server 'controlplane:1 (root)' on port 5901 for display :1.
3NI3X0 Use xtigervncviewer -SecurityTypes None controlplane:1 to connect to the VNC server.
/usr/bin/startxfce4: X server already running on display :1
The XKEYBOARD keymap compiler (xkbcomp) reports:
> Warning:          Could not resolve keysym XF86CameraAccessEnable
> Warning:          Could not resolve keysym XF86CameraAccessDisable
> Warning:          Could not resolve keysym XF86CameraAccessToggle
> Warning:          Could not resolve keysym XF86NextElement
> Warning:          Could not resolve keysym XF86PreviousElement
> Warning:          Could not resolve keysym XF86AutopilotEngageToggle
> Warning:          Could not resolve keysym XF86MarkWaypoint
> Warning:          Could not resolve keysym XF86Sos
> Warning:          Could not resolve keysym XF86NavChart
> Warning:          Could not resolve keysym XF86FishingChart
> Warning:          Could not resolve keysym XF86SingleRangeRadar
> Warning:          Could not resolve keysym XF86DualRangeRadar
> Warning:          Could not resolve keysym XF86RadarOverlay
> Warning:          Could not resolve keysym XF86TraditionalSonar
> Warning:          Could not resolve keysym XF86ClearvuSonar
> Warning:          Could not resolve keysym XF86SidevuSonar
> Warning:          Could not resolve keysym XF86NavInfo
Errors from xkbcomp are not fatal to the X server
[mi] mieq: warning: overriding existing handler (nil) with 0x600c3bb4b580 for event 2
[mi] mieq: warning: overriding existing handler (nil) with 0x600c3bb4b580 for event 3
error: XDG_RUNTIME_DIR is invalid or not set in the environment.
error: XDG_RUNTIME_DIR is invalid or not set in the environment.

(xfwm4:1997): xfwm4-WARNING **: 11:40:59.963: Unsupported GL renderer (llvmpipe (LLVM 19.1.1, 256 bits)).
Connection failure: Connection refused
pa_context_connect() failed: Connection refused

** (xiccd:2054): WARNING **: 11:41:01.917: EDID is empty

** (xiccd:2054): CRITICAL **: 11:41:02.063: device 'xrandr-default' does not exist

(polkit-gnome-authentication-agent-1:2063): polkit-gnome-1-WARNING **: 11:41:02.096: Unable to determine the session we are in: No session for pid 2063

** (light-locker:2052): ERROR **: 11:41:02.179: session_id is not set, is /proc mounted with hidepid>0?
Xlib:  extension "DPMS" missing on display ":1.0".

(xfce4-power-manager:2107): xfce4-power-manager-WARNING **: 11:41:02.798: Monitor is not DPMS capable
Killing Xtigervnc process ID 1948...Another notification daemon is running, exiting
Another notification daemon is running, exiting
xfsettingsd: Another instance took over. Leaving...

** (xiccd:2054): WARNING **: 11:53:06.136: Exiting

(Thunar:2024): thunar-WARNING **: 11:53:06.136: Name 'org.xfce.FileManager' lost on the message dbus.

(Thunar:2024): thunar-WARNING **: 11:53:06.136: Name 'org.freedesktop.FileManager1' lost on the message dbus.

** (xfce4-power-manager:2107): WARNING **: 11:53:06.144: Error: The connection is closed


** (xfce4-power-manager:2107): WARNING **: 11:53:06.144: Error: The connection is closed

XIO:  fatal IO error 25 (Inappropriate ioctl for device) on X server ":1.0"
      after 25 requests (25 known processed) with 0 events remaining.

Sat Aug  2 11:53:06 2025
 ComparingUpdateTracker: 0 pixels in / 0 pixels out
 ComparingUpdateTracker: (1:-nan ratio)
 success!
